(a) Optimal objective value: -3024698.37

(b) Optimal x values: 

x [*] :=
SH001 0   SH071 0   SH141 0   SH211 0   SH281 0   SH351 0   SH421 0   SH491 0
SH002 0   SH072 0   SH142 0   SH212 0   SH282 0   SH352 0   SH422 0   SH492 0
SH003 0   SH073 0   SH143 0   SH213 0   SH283 0   SH353 0   SH423 0   SH493 0
SH004 0   SH074 0   SH144 0   SH214 0   SH284 0   SH354 0   SH424 0   SH494 0
SH005 0   SH075 0   SH145 0   SH215 0   SH285 0   SH355 0   SH425 0   SH495 0
SH006 0   SH076 0   SH146 0   SH216 0   SH286 0   SH356 0   SH426 0   SH496 0
SH007 0   SH077 0   SH147 0   SH217 0   SH287 0   SH357 0   SH427 0   SH497 0
SH008 0   SH078 0   SH148 0   SH218 0   SH288 0   SH358 0   SH428 0   SH498 0
SH009 0   SH079 0   SH149 0   SH219 0   SH289 0   SH359 0   SH429 0   SH499 0
SH010 0   SH080 0   SH150 0   SH220 0   SH290 0   SH360 0   SH430 0   SH500 0
SH011 0   SH081 0   SH151 0   SH221 0   SH291 0   SH361 0   SH431 0   SH501 0
SH012 0   SH082 0   SH152 0   SH222 0   SH292 0   SH362 0   SH432 0   SH502 0
SH013 0   SH083 0   SH153 0   SH223 0   SH293 0   SH363 0   SH433 0   SH503 0
SH014 0   SH084 0   SH154 0   SH224 0   SH294 0   SH364 0   SH434 0   SH504 0
SH015 0   SH085 0   SH155 0   SH225 0   SH295 0   SH365 0   SH435 0   SH505 0
SH016 0   SH086 0   SH156 0   SH226 0   SH296 0   SH366 0   SH436 0   SH506 0
SH017 0   SH087 0   SH157 0   SH227 0   SH297 0   SH367 0   SH437 0   SH507 0
SH018 0   SH088 0   SH158 0   SH228 0   SH298 0   SH368 0   SH438 0   SH508 0
SH019 0   SH089 0   SH159 0   SH229 0   SH299 0   SH369 0   SH439 0   SH509 0
SH020 0   SH090 0   SH160 0   SH230 0   SH300 0   SH370 0   SH440 0   SH510 0
SH021 0   SH091 0   SH161 0   SH231 0   SH301 0   SH371 0   SH441 0   SH511 0
SH022 0   SH092 0   SH162 0   SH232 0   SH302 0   SH372 0   SH442 0   SH512 0
SH023 0   SH093 0   SH163 0   SH233 0   SH303 0   SH373 0   SH443 0   SH513 0
SH024 0   SH094 0   SH164 0   SH234 0   SH304 0   SH374 0   SH444 0   SH514 0
SH025 0   SH095 0   SH165 0   SH235 0   SH305 0   SH375 0   SH445 0   SH515 0
SH026 0   SH096 0   SH166 0   SH236 0   SH306 0   SH376 0   SH446 0   SH516 0
SH027 0   SH097 0   SH167 0   SH237 0   SH307 0   SH377 0   SH447 0   SH517 0
SH028 0   SH098 0   SH168 0   SH238 0   SH308 0   SH378 0   SH448 0   SH518 0
SH029 0   SH099 0   SH169 0   SH239 0   SH309 0   SH379 0   SH449 0   SH519 0
SH030 0   SH100 0   SH170 0   SH240 0   SH310 0   SH380 0   SH450 0   SH520 0
SH031 0   SH101 0   SH171 0   SH241 0   SH311 0   SH381 0   SH451 0   SH521 0
SH032 0   SH102 0   SH172 0   SH242 0   SH312 0   SH382 0   SH452 0   SH522 0
SH033 0   SH103 0   SH173 0   SH243 0   SH313 0   SH383 0   SH453 0   SH523 0
SH034 0   SH104 0   SH174 0   SH244 0   SH314 0   SH384 0   SH454 0   SH524 0
SH035 0   SH105 0   SH175 0   SH245 0   SH315 0   SH385 0   SH455 0   SH525 0
SH036 0   SH106 0   SH176 0   SH246 0   SH316 0   SH386 0   SH456 0   SH526 0
SH037 0   SH107 0   SH177 0   SH247 0   SH317 0   SH387 0   SH457 0   SH527 0
SH038 0   SH108 0   SH178 0   SH248 0   SH318 0   SH388 0   SH458 0   SH528 0
SH039 0   SH109 0   SH179 0   SH249 0   SH319 0   SH389 0   SH459 0   SH529 0
SH040 0   SH110 0   SH180 0   SH250 0   SH320 0   SH390 0   SH460 0   SH530 0
SH041 0   SH111 0   SH181 0   SH251 0   SH321 0   SH391 0   SH461 0   SH531 0
SH042 0   SH112 0   SH182 0   SH252 0   SH322 0   SH392 0   SH462 0   SH532 0
SH043 0   SH113 0   SH183 0   SH253 0   SH323 0   SH393 0   SH463 0   SH533 0
SH044 0   SH114 0   SH184 0   SH254 0   SH324 0   SH394 0   SH464 0   SH534 0
SH045 0   SH115 0   SH185 0   SH255 0   SH325 0   SH395 0   SH465 0   SH535 0
SH046 0   SH116 0   SH186 0   SH256 0   SH326 0   SH396 0   SH466 0   SH536 0
SH047 0   SH117 0   SH187 0   SH257 0   SH327 0   SH397 0   SH467 0   SH537 0
SH048 0   SH118 0   SH188 0   SH258 0   SH328 0   SH398 0   SH468 0   SH538 0
SH049 0   SH119 0   SH189 0   SH259 0   SH329 0   SH399 0   SH469 0   SH539 0
SH050 0   SH120 0   SH190 0   SH260 0   SH330 0   SH400 0   SH470 0   SH540 0
SH051 0   SH121 0   SH191 0   SH261 0   SH331 0   SH401 0   SH471 0   SH541 0
SH052 0   SH122 0   SH192 0   SH262 0   SH332 0   SH402 0   SH472 0   SH542 0
SH053 0   SH123 0   SH193 0   SH263 0   SH333 0   SH403 0   SH473 0   SH543 0
SH054 0   SH124 0   SH194 0   SH264 0   SH334 0   SH404 0   SH474 0   SH544 0
SH055 0   SH125 0   SH195 0   SH265 0   SH335 0   SH405 0   SH475 0   SH545 0
SH056 0   SH126 0   SH196 0   SH266 0   SH336 0   SH406 0   SH476 0   SH546 0
SH057 0   SH127 0   SH197 0   SH267 0   SH337 0   SH407 0   SH477 0   SH547 0
SH058 0   SH128 0   SH198 0   SH268 0   SH338 0   SH408 0   SH478 0   SH548 0
SH059 0   SH129 0   SH199 0   SH269 0   SH339 0   SH409 0   SH479 0   SH549 0
SH060 0   SH130 0   SH200 0   SH270 0   SH340 0   SH410 0   SH480 0   SH550 0
SH061 0   SH131 0   SH201 0   SH271 0   SH341 0   SH411 0   SH481 0   SH551 0
SH062 0   SH132 0   SH202 0   SH272 0   SH342 0   SH412 0   SH482 0   SH552 0
SH063 0   SH133 0   SH203 0   SH273 0   SH343 0   SH413 0   SH483 0   SH553 0
SH064 0   SH134 0   SH204 0   SH274 0   SH344 0   SH414 0   SH484 0   SH554 0
SH065 0   SH135 0   SH205 0   SH275 0   SH345 0   SH415 0   SH485 0   SH555 0
SH066 0   SH136 0   SH206 0   SH276 0   SH346 0   SH416 0   SH486 0   SH556 0
SH067 0   SH137 0   SH207 0   SH277 0   SH347 0   SH417 0   SH487 0   SH557 0
SH068 0   SH138 0   SH208 0   SH278 0   SH348 0   SH418 0   SH488 0
SH069 0   SH139 0   SH209 0   SH279 0   SH349 0   SH419 0   SH489 0
SH070 0   SH140 0   SH210 0   SH280 0   SH350 0   SH420 0   SH490 0
;

(c) The binding constraints are: 

(d) The slack for raw materials budget is: 

budgetRM.slack = 9968160

maxDuration.slack [*] :=
 1 19318.3   13 18946.1   25 19780.1   37 19500.5   49 17082.5   61 18316
 2 17671.8   14 19043.8   26 19831.1   38 19523.6   50 18368.3   62 17238.9
 3 18402.3   15 19026.8   27 19760.4   39 19696.7   51 19708.4   63 16914.2
 4 18625.8   16 19219.8   28 19866.1   40 19897.3   52 19241.9   64 16875.9
 5 17878.8   17 19069.5   29 19893.4   41 18159.1   53 19069.4   65 17102.9
 6 17835.4   18 19168.4   30 19975.5   42 16928.7   54 19108.8   66 17019.7
 7 18382.9   19 19197.4   31 19856.3   43 16711.4   55 18957.3   67 17257.3
 8 18502.7   20 19634     32 19507.6   44 16293.1   56 19320.9   68 16539
 9 17783.7   21 20005.9   33 19575.3   45 17888.6   57 19363.4   69 17174.4
10 18979.8   22 19945.4   34 19568.6   46 16475.1   58 19283     70 17530.8
11 19513.8   23 19898.4   35 19439.3   47 17989.8   59 19379     71 17829.8
12 19195.3   24 19865.9   36 19533.2   48 16467.5   60 19597.3   72 17918.2
;

(a) Optimal objective value: -3024698.37

(b) Optimal x values: 

x [*] :=
SH001 0   SH071 0   SH141 0   SH211 0   SH281 0   SH351 0   SH421 0   SH491 0
SH002 0   SH072 0   SH142 0   SH212 0   SH282 0   SH352 0   SH422 0   SH492 0
SH003 0   SH073 0   SH143 0   SH213 0   SH283 0   SH353 0   SH423 0   SH493 0
SH004 0   SH074 0   SH144 0   SH214 0   SH284 0   SH354 0   SH424 0   SH494 0
SH005 0   SH075 0   SH145 0   SH215 0   SH285 0   SH355 0   SH425 0   SH495 0
SH006 0   SH076 0   SH146 0   SH216 0   SH286 0   SH356 0   SH426 0   SH496 0
SH007 0   SH077 0   SH147 0   SH217 0   SH287 0   SH357 0   SH427 0   SH497 0
SH008 0   SH078 0   SH148 0   SH218 0   SH288 0   SH358 0   SH428 0   SH498 0
SH009 0   SH079 0   SH149 0   SH219 0   SH289 0   SH359 0   SH429 0   SH499 0
SH010 0   SH080 0   SH150 0   SH220 0   SH290 0   SH360 0   SH430 0   SH500 0
SH011 0   SH081 0   SH151 0   SH221 0   SH291 0   SH361 0   SH431 0   SH501 0
SH012 0   SH082 0   SH152 0   SH222 0   SH292 0   SH362 0   SH432 0   SH502 0
SH013 0   SH083 0   SH153 0   SH223 0   SH293 0   SH363 0   SH433 0   SH503 0
SH014 0   SH084 0   SH154 0   SH224 0   SH294 0   SH364 0   SH434 0   SH504 0
SH015 0   SH085 0   SH155 0   SH225 0   SH295 0   SH365 0   SH435 0   SH505 0
SH016 0   SH086 0   SH156 0   SH226 0   SH296 0   SH366 0   SH436 0   SH506 0
SH017 0   SH087 0   SH157 0   SH227 0   SH297 0   SH367 0   SH437 0   SH507 0
SH018 0   SH088 0   SH158 0   SH228 0   SH298 0   SH368 0   SH438 0   SH508 0
SH019 0   SH089 0   SH159 0   SH229 0   SH299 0   SH369 0   SH439 0   SH509 0
SH020 0   SH090 0   SH160 0   SH230 0   SH300 0   SH370 0   SH440 0   SH510 0
SH021 0   SH091 0   SH161 0   SH231 0   SH301 0   SH371 0   SH441 0   SH511 0
SH022 0   SH092 0   SH162 0   SH232 0   SH302 0   SH372 0   SH442 0   SH512 0
SH023 0   SH093 0   SH163 0   SH233 0   SH303 0   SH373 0   SH443 0   SH513 0
SH024 0   SH094 0   SH164 0   SH234 0   SH304 0   SH374 0   SH444 0   SH514 0
SH025 0   SH095 0   SH165 0   SH235 0   SH305 0   SH375 0   SH445 0   SH515 0
SH026 0   SH096 0   SH166 0   SH236 0   SH306 0   SH376 0   SH446 0   SH516 0
SH027 0   SH097 0   SH167 0   SH237 0   SH307 0   SH377 0   SH447 0   SH517 0
SH028 0   SH098 0   SH168 0   SH238 0   SH308 0   SH378 0   SH448 0   SH518 0
SH029 0   SH099 0   SH169 0   SH239 0   SH309 0   SH379 0   SH449 0   SH519 0
SH030 0   SH100 0   SH170 0   SH240 0   SH310 0   SH380 0   SH450 0   SH520 0
SH031 0   SH101 0   SH171 0   SH241 0   SH311 0   SH381 0   SH451 0   SH521 0
SH032 0   SH102 0   SH172 0   SH242 0   SH312 0   SH382 0   SH452 0   SH522 0
SH033 0   SH103 0   SH173 0   SH243 0   SH313 0   SH383 0   SH453 0   SH523 0
SH034 0   SH104 0   SH174 0   SH244 0   SH314 0   SH384 0   SH454 0   SH524 0
SH035 0   SH105 0   SH175 0   SH245 0   SH315 0   SH385 0   SH455 0   SH525 0
SH036 0   SH106 0   SH176 0   SH246 0   SH316 0   SH386 0   SH456 0   SH526 0
SH037 0   SH107 0   SH177 0   SH247 0   SH317 0   SH387 0   SH457 0   SH527 0
SH038 0   SH108 0   SH178 0   SH248 0   SH318 0   SH388 0   SH458 0   SH528 0
SH039 0   SH109 0   SH179 0   SH249 0   SH319 0   SH389 0   SH459 0   SH529 0
SH040 0   SH110 0   SH180 0   SH250 0   SH320 0   SH390 0   SH460 0   SH530 0
SH041 0   SH111 0   SH181 0   SH251 0   SH321 0   SH391 0   SH461 0   SH531 0
SH042 0   SH112 0   SH182 0   SH252 0   SH322 0   SH392 0   SH462 0   SH532 0
SH043 0   SH113 0   SH183 0   SH253 0   SH323 0   SH393 0   SH463 0   SH533 0
SH044 0   SH114 0   SH184 0   SH254 0   SH324 0   SH394 0   SH464 0   SH534 0
SH045 0   SH115 0   SH185 0   SH255 0   SH325 0   SH395 0   SH465 0   SH535 0
SH046 0   SH116 0   SH186 0   SH256 0   SH326 0   SH396 0   SH466 0   SH536 0
SH047 0   SH117 0   SH187 0   SH257 0   SH327 0   SH397 0   SH467 0   SH537 0
SH048 0   SH118 0   SH188 0   SH258 0   SH328 0   SH398 0   SH468 0   SH538 0
SH049 0   SH119 0   SH189 0   SH259 0   SH329 0   SH399 0   SH469 0   SH539 0
SH050 0   SH120 0   SH190 0   SH260 0   SH330 0   SH400 0   SH470 0   SH540 0
SH051 0   SH121 0   SH191 0   SH261 0   SH331 0   SH401 0   SH471 0   SH541 0
SH052 0   SH122 0   SH192 0   SH262 0   SH332 0   SH402 0   SH472 0   SH542 0
SH053 0   SH123 0   SH193 0   SH263 0   SH333 0   SH403 0   SH473 0   SH543 0
SH054 0   SH124 0   SH194 0   SH264 0   SH334 0   SH404 0   SH474 0   SH544 0
SH055 0   SH125 0   SH195 0   SH265 0   SH335 0   SH405 0   SH475 0   SH545 0
SH056 0   SH126 0   SH196 0   SH266 0   SH336 0   SH406 0   SH476 0   SH546 0
SH057 0   SH127 0   SH197 0   SH267 0   SH337 0   SH407 0   SH477 0   SH547 0
SH058 0   SH128 0   SH198 0   SH268 0   SH338 0   SH408 0   SH478 0   SH548 0
SH059 0   SH129 0   SH199 0   SH269 0   SH339 0   SH409 0   SH479 0   SH549 0
SH060 0   SH130 0   SH200 0   SH270 0   SH340 0   SH410 0   SH480 0   SH550 0
SH061 0   SH131 0   SH201 0   SH271 0   SH341 0   SH411 0   SH481 0   SH551 0
SH062 0   SH132 0   SH202 0   SH272 0   SH342 0   SH412 0   SH482 0   SH552 0
SH063 0   SH133 0   SH203 0   SH273 0   SH343 0   SH413 0   SH483 0   SH553 0
SH064 0   SH134 0   SH204 0   SH274 0   SH344 0   SH414 0   SH484 0   SH554 0
SH065 0   SH135 0   SH205 0   SH275 0   SH345 0   SH415 0   SH485 0   SH555 0
SH066 0   SH136 0   SH206 0   SH276 0   SH346 0   SH416 0   SH486 0   SH556 0
SH067 0   SH137 0   SH207 0   SH277 0   SH347 0   SH417 0   SH487 0   SH557 0
SH068 0   SH138 0   SH208 0   SH278 0   SH348 0   SH418 0   SH488 0
SH069 0   SH139 0   SH209 0   SH279 0   SH349 0   SH419 0   SH489 0
SH070 0   SH140 0   SH210 0   SH280 0   SH350 0   SH420 0   SH490 0
;

(c) The binding constraints are: 

(d) The slack for raw materials budget is: 

budgetRM.slack = 9968160

(e) The slack for max duration is: 

maxDuration.slack [*] :=
 1 19318.3   13 18946.1   25 19780.1   37 19500.5   49 17082.5   61 18316
 2 17671.8   14 19043.8   26 19831.1   38 19523.6   50 18368.3   62 17238.9
 3 18402.3   15 19026.8   27 19760.4   39 19696.7   51 19708.4   63 16914.2
 4 18625.8   16 19219.8   28 19866.1   40 19897.3   52 19241.9   64 16875.9
 5 17878.8   17 19069.5   29 19893.4   41 18159.1   53 19069.4   65 17102.9
 6 17835.4   18 19168.4   30 19975.5   42 16928.7   54 19108.8   66 17019.7
 7 18382.9   19 19197.4   31 19856.3   43 16711.4   55 18957.3   67 17257.3
 8 18502.7   20 19634     32 19507.6   44 16293.1   56 19320.9   68 16539
 9 17783.7   21 20005.9   33 19575.3   45 17888.6   57 19363.4   69 17174.4
10 18979.8   22 19945.4   34 19568.6   46 16475.1   58 19283     70 17530.8
11 19513.8   23 19898.4   35 19439.3   47 17989.8   59 19379     71 17829.8
12 19195.3   24 19865.9   36 19533.2   48 16467.5   60 19597.3   72 17918.2
;

(a) Optimal objective value: -3024698.37

(b) Optimal x values: 

x [*] :=
SH001 0   SH071 0   SH141 0   SH211 0   SH281 0   SH351 0   SH421 0   SH491 0
SH002 0   SH072 0   SH142 0   SH212 0   SH282 0   SH352 0   SH422 0   SH492 0
SH003 0   SH073 0   SH143 0   SH213 0   SH283 0   SH353 0   SH423 0   SH493 0
SH004 0   SH074 0   SH144 0   SH214 0   SH284 0   SH354 0   SH424 0   SH494 0
SH005 0   SH075 0   SH145 0   SH215 0   SH285 0   SH355 0   SH425 0   SH495 0
SH006 0   SH076 0   SH146 0   SH216 0   SH286 0   SH356 0   SH426 0   SH496 0
SH007 0   SH077 0   SH147 0   SH217 0   SH287 0   SH357 0   SH427 0   SH497 0
SH008 0   SH078 0   SH148 0   SH218 0   SH288 0   SH358 0   SH428 0   SH498 0
SH009 0   SH079 0   SH149 0   SH219 0   SH289 0   SH359 0   SH429 0   SH499 0
SH010 0   SH080 0   SH150 0   SH220 0   SH290 0   SH360 0   SH430 0   SH500 0
SH011 0   SH081 0   SH151 0   SH221 0   SH291 0   SH361 0   SH431 0   SH501 0
SH012 0   SH082 0   SH152 0   SH222 0   SH292 0   SH362 0   SH432 0   SH502 0
SH013 0   SH083 0   SH153 0   SH223 0   SH293 0   SH363 0   SH433 0   SH503 0
SH014 0   SH084 0   SH154 0   SH224 0   SH294 0   SH364 0   SH434 0   SH504 0
SH015 0   SH085 0   SH155 0   SH225 0   SH295 0   SH365 0   SH435 0   SH505 0
SH016 0   SH086 0   SH156 0   SH226 0   SH296 0   SH366 0   SH436 0   SH506 0
SH017 0   SH087 0   SH157 0   SH227 0   SH297 0   SH367 0   SH437 0   SH507 0
SH018 0   SH088 0   SH158 0   SH228 0   SH298 0   SH368 0   SH438 0   SH508 0
SH019 0   SH089 0   SH159 0   SH229 0   SH299 0   SH369 0   SH439 0   SH509 0
SH020 0   SH090 0   SH160 0   SH230 0   SH300 0   SH370 0   SH440 0   SH510 0
SH021 0   SH091 0   SH161 0   SH231 0   SH301 0   SH371 0   SH441 0   SH511 0
SH022 0   SH092 0   SH162 0   SH232 0   SH302 0   SH372 0   SH442 0   SH512 0
SH023 0   SH093 0   SH163 0   SH233 0   SH303 0   SH373 0   SH443 0   SH513 0
SH024 0   SH094 0   SH164 0   SH234 0   SH304 0   SH374 0   SH444 0   SH514 0
SH025 0   SH095 0   SH165 0   SH235 0   SH305 0   SH375 0   SH445 0   SH515 0
SH026 0   SH096 0   SH166 0   SH236 0   SH306 0   SH376 0   SH446 0   SH516 0
SH027 0   SH097 0   SH167 0   SH237 0   SH307 0   SH377 0   SH447 0   SH517 0
SH028 0   SH098 0   SH168 0   SH238 0   SH308 0   SH378 0   SH448 0   SH518 0
SH029 0   SH099 0   SH169 0   SH239 0   SH309 0   SH379 0   SH449 0   SH519 0
SH030 0   SH100 0   SH170 0   SH240 0   SH310 0   SH380 0   SH450 0   SH520 0
SH031 0   SH101 0   SH171 0   SH241 0   SH311 0   SH381 0   SH451 0   SH521 0
SH032 0   SH102 0   SH172 0   SH242 0   SH312 0   SH382 0   SH452 0   SH522 0
SH033 0   SH103 0   SH173 0   SH243 0   SH313 0   SH383 0   SH453 0   SH523 0
SH034 0   SH104 0   SH174 0   SH244 0   SH314 0   SH384 0   SH454 0   SH524 0
SH035 0   SH105 0   SH175 0   SH245 0   SH315 0   SH385 0   SH455 0   SH525 0
SH036 0   SH106 0   SH176 0   SH246 0   SH316 0   SH386 0   SH456 0   SH526 0
SH037 0   SH107 0   SH177 0   SH247 0   SH317 0   SH387 0   SH457 0   SH527 0
SH038 0   SH108 0   SH178 0   SH248 0   SH318 0   SH388 0   SH458 0   SH528 0
SH039 0   SH109 0   SH179 0   SH249 0   SH319 0   SH389 0   SH459 0   SH529 0
SH040 0   SH110 0   SH180 0   SH250 0   SH320 0   SH390 0   SH460 0   SH530 0
SH041 0   SH111 0   SH181 0   SH251 0   SH321 0   SH391 0   SH461 0   SH531 0
SH042 0   SH112 0   SH182 0   SH252 0   SH322 0   SH392 0   SH462 0   SH532 0
SH043 0   SH113 0   SH183 0   SH253 0   SH323 0   SH393 0   SH463 0   SH533 0
SH044 0   SH114 0   SH184 0   SH254 0   SH324 0   SH394 0   SH464 0   SH534 0
SH045 0   SH115 0   SH185 0   SH255 0   SH325 0   SH395 0   SH465 0   SH535 0
SH046 0   SH116 0   SH186 0   SH256 0   SH326 0   SH396 0   SH466 0   SH536 0
SH047 0   SH117 0   SH187 0   SH257 0   SH327 0   SH397 0   SH467 0   SH537 0
SH048 0   SH118 0   SH188 0   SH258 0   SH328 0   SH398 0   SH468 0   SH538 0
SH049 0   SH119 0   SH189 0   SH259 0   SH329 0   SH399 0   SH469 0   SH539 0
SH050 0   SH120 0   SH190 0   SH260 0   SH330 0   SH400 0   SH470 0   SH540 0
SH051 0   SH121 0   SH191 0   SH261 0   SH331 0   SH401 0   SH471 0   SH541 0
SH052 0   SH122 0   SH192 0   SH262 0   SH332 0   SH402 0   SH472 0   SH542 0
SH053 0   SH123 0   SH193 0   SH263 0   SH333 0   SH403 0   SH473 0   SH543 0
SH054 0   SH124 0   SH194 0   SH264 0   SH334 0   SH404 0   SH474 0   SH544 0
SH055 0   SH125 0   SH195 0   SH265 0   SH335 0   SH405 0   SH475 0   SH545 0
SH056 0   SH126 0   SH196 0   SH266 0   SH336 0   SH406 0   SH476 0   SH546 0
SH057 0   SH127 0   SH197 0   SH267 0   SH337 0   SH407 0   SH477 0   SH547 0
SH058 0   SH128 0   SH198 0   SH268 0   SH338 0   SH408 0   SH478 0   SH548 0
SH059 0   SH129 0   SH199 0   SH269 0   SH339 0   SH409 0   SH479 0   SH549 0
SH060 0   SH130 0   SH200 0   SH270 0   SH340 0   SH410 0   SH480 0   SH550 0
SH061 0   SH131 0   SH201 0   SH271 0   SH341 0   SH411 0   SH481 0   SH551 0
SH062 0   SH132 0   SH202 0   SH272 0   SH342 0   SH412 0   SH482 0   SH552 0
SH063 0   SH133 0   SH203 0   SH273 0   SH343 0   SH413 0   SH483 0   SH553 0
SH064 0   SH134 0   SH204 0   SH274 0   SH344 0   SH414 0   SH484 0   SH554 0
SH065 0   SH135 0   SH205 0   SH275 0   SH345 0   SH415 0   SH485 0   SH555 0
SH066 0   SH136 0   SH206 0   SH276 0   SH346 0   SH416 0   SH486 0   SH556 0
SH067 0   SH137 0   SH207 0   SH277 0   SH347 0   SH417 0   SH487 0   SH557 0
SH068 0   SH138 0   SH208 0   SH278 0   SH348 0   SH418 0   SH488 0
SH069 0   SH139 0   SH209 0   SH279 0   SH349 0   SH419 0   SH489 0
SH070 0   SH140 0   SH210 0   SH280 0   SH350 0   SH420 0   SH490 0
;

(c) The binding constraints are: 

(d) The slack for raw materials budget is: 

budgetRM.slack = 9968160

(e) The slack for max duration is: 

maxDuration.slack [*] :=
 1 19318.3   13 18946.1   25 19780.1   37 19500.5   49 17082.5   61 18316
 2 17671.8   14 19043.8   26 19831.1   38 19523.6   50 18368.3   62 17238.9
 3 18402.3   15 19026.8   27 19760.4   39 19696.7   51 19708.4   63 16914.2
 4 18625.8   16 19219.8   28 19866.1   40 19897.3   52 19241.9   64 16875.9
 5 17878.8   17 19069.5   29 19893.4   41 18159.1   53 19069.4   65 17102.9
 6 17835.4   18 19168.4   30 19975.5   42 16928.7   54 19108.8   66 17019.7
 7 18382.9   19 19197.4   31 19856.3   43 16711.4   55 18957.3   67 17257.3
 8 18502.7   20 19634     32 19507.6   44 16293.1   56 19320.9   68 16539
 9 17783.7   21 20005.9   33 19575.3   45 17888.6   57 19363.4   69 17174.4
10 18979.8   22 19945.4   34 19568.6   46 16475.1   58 19283     70 17530.8
11 19513.8   23 19898.4   35 19439.3   47 17989.8   59 19379     71 17829.8
12 19195.3   24 19865.9   36 19533.2   48 16467.5   60 19597.3   72 17918.2
;

(a) Optimal objective value: -3024698.37

(b) Optimal x values: 

x [*] :=
SH001 0   SH071 0   SH141 0   SH211 0   SH281 0   SH351 0   SH421 0   SH491 0
SH002 0   SH072 0   SH142 0   SH212 0   SH282 0   SH352 0   SH422 0   SH492 0
SH003 0   SH073 0   SH143 0   SH213 0   SH283 0   SH353 0   SH423 0   SH493 0
SH004 0   SH074 0   SH144 0   SH214 0   SH284 0   SH354 0   SH424 0   SH494 0
SH005 0   SH075 0   SH145 0   SH215 0   SH285 0   SH355 0   SH425 0   SH495 0
SH006 0   SH076 0   SH146 0   SH216 0   SH286 0   SH356 0   SH426 0   SH496 0
SH007 0   SH077 0   SH147 0   SH217 0   SH287 0   SH357 0   SH427 0   SH497 0
SH008 0   SH078 0   SH148 0   SH218 0   SH288 0   SH358 0   SH428 0   SH498 0
SH009 0   SH079 0   SH149 0   SH219 0   SH289 0   SH359 0   SH429 0   SH499 0
SH010 0   SH080 0   SH150 0   SH220 0   SH290 0   SH360 0   SH430 0   SH500 0
SH011 0   SH081 0   SH151 0   SH221 0   SH291 0   SH361 0   SH431 0   SH501 0
SH012 0   SH082 0   SH152 0   SH222 0   SH292 0   SH362 0   SH432 0   SH502 0
SH013 0   SH083 0   SH153 0   SH223 0   SH293 0   SH363 0   SH433 0   SH503 0
SH014 0   SH084 0   SH154 0   SH224 0   SH294 0   SH364 0   SH434 0   SH504 0
SH015 0   SH085 0   SH155 0   SH225 0   SH295 0   SH365 0   SH435 0   SH505 0
SH016 0   SH086 0   SH156 0   SH226 0   SH296 0   SH366 0   SH436 0   SH506 0
SH017 0   SH087 0   SH157 0   SH227 0   SH297 0   SH367 0   SH437 0   SH507 0
SH018 0   SH088 0   SH158 0   SH228 0   SH298 0   SH368 0   SH438 0   SH508 0
SH019 0   SH089 0   SH159 0   SH229 0   SH299 0   SH369 0   SH439 0   SH509 0
SH020 0   SH090 0   SH160 0   SH230 0   SH300 0   SH370 0   SH440 0   SH510 0
SH021 0   SH091 0   SH161 0   SH231 0   SH301 0   SH371 0   SH441 0   SH511 0
SH022 0   SH092 0   SH162 0   SH232 0   SH302 0   SH372 0   SH442 0   SH512 0
SH023 0   SH093 0   SH163 0   SH233 0   SH303 0   SH373 0   SH443 0   SH513 0
SH024 0   SH094 0   SH164 0   SH234 0   SH304 0   SH374 0   SH444 0   SH514 0
SH025 0   SH095 0   SH165 0   SH235 0   SH305 0   SH375 0   SH445 0   SH515 0
SH026 0   SH096 0   SH166 0   SH236 0   SH306 0   SH376 0   SH446 0   SH516 0
SH027 0   SH097 0   SH167 0   SH237 0   SH307 0   SH377 0   SH447 0   SH517 0
SH028 0   SH098 0   SH168 0   SH238 0   SH308 0   SH378 0   SH448 0   SH518 0
SH029 0   SH099 0   SH169 0   SH239 0   SH309 0   SH379 0   SH449 0   SH519 0
SH030 0   SH100 0   SH170 0   SH240 0   SH310 0   SH380 0   SH450 0   SH520 0
SH031 0   SH101 0   SH171 0   SH241 0   SH311 0   SH381 0   SH451 0   SH521 0
SH032 0   SH102 0   SH172 0   SH242 0   SH312 0   SH382 0   SH452 0   SH522 0
SH033 0   SH103 0   SH173 0   SH243 0   SH313 0   SH383 0   SH453 0   SH523 0
SH034 0   SH104 0   SH174 0   SH244 0   SH314 0   SH384 0   SH454 0   SH524 0
SH035 0   SH105 0   SH175 0   SH245 0   SH315 0   SH385 0   SH455 0   SH525 0
SH036 0   SH106 0   SH176 0   SH246 0   SH316 0   SH386 0   SH456 0   SH526 0
SH037 0   SH107 0   SH177 0   SH247 0   SH317 0   SH387 0   SH457 0   SH527 0
SH038 0   SH108 0   SH178 0   SH248 0   SH318 0   SH388 0   SH458 0   SH528 0
SH039 0   SH109 0   SH179 0   SH249 0   SH319 0   SH389 0   SH459 0   SH529 0
SH040 0   SH110 0   SH180 0   SH250 0   SH320 0   SH390 0   SH460 0   SH530 0
SH041 0   SH111 0   SH181 0   SH251 0   SH321 0   SH391 0   SH461 0   SH531 0
SH042 0   SH112 0   SH182 0   SH252 0   SH322 0   SH392 0   SH462 0   SH532 0
SH043 0   SH113 0   SH183 0   SH253 0   SH323 0   SH393 0   SH463 0   SH533 0
SH044 0   SH114 0   SH184 0   SH254 0   SH324 0   SH394 0   SH464 0   SH534 0
SH045 0   SH115 0   SH185 0   SH255 0   SH325 0   SH395 0   SH465 0   SH535 0
SH046 0   SH116 0   SH186 0   SH256 0   SH326 0   SH396 0   SH466 0   SH536 0
SH047 0   SH117 0   SH187 0   SH257 0   SH327 0   SH397 0   SH467 0   SH537 0
SH048 0   SH118 0   SH188 0   SH258 0   SH328 0   SH398 0   SH468 0   SH538 0
SH049 0   SH119 0   SH189 0   SH259 0   SH329 0   SH399 0   SH469 0   SH539 0
SH050 0   SH120 0   SH190 0   SH260 0   SH330 0   SH400 0   SH470 0   SH540 0
SH051 0   SH121 0   SH191 0   SH261 0   SH331 0   SH401 0   SH471 0   SH541 0
SH052 0   SH122 0   SH192 0   SH262 0   SH332 0   SH402 0   SH472 0   SH542 0
SH053 0   SH123 0   SH193 0   SH263 0   SH333 0   SH403 0   SH473 0   SH543 0
SH054 0   SH124 0   SH194 0   SH264 0   SH334 0   SH404 0   SH474 0   SH544 0
SH055 0   SH125 0   SH195 0   SH265 0   SH335 0   SH405 0   SH475 0   SH545 0
SH056 0   SH126 0   SH196 0   SH266 0   SH336 0   SH406 0   SH476 0   SH546 0
SH057 0   SH127 0   SH197 0   SH267 0   SH337 0   SH407 0   SH477 0   SH547 0
SH058 0   SH128 0   SH198 0   SH268 0   SH338 0   SH408 0   SH478 0   SH548 0
SH059 0   SH129 0   SH199 0   SH269 0   SH339 0   SH409 0   SH479 0   SH549 0
SH060 0   SH130 0   SH200 0   SH270 0   SH340 0   SH410 0   SH480 0   SH550 0
SH061 0   SH131 0   SH201 0   SH271 0   SH341 0   SH411 0   SH481 0   SH551 0
SH062 0   SH132 0   SH202 0   SH272 0   SH342 0   SH412 0   SH482 0   SH552 0
SH063 0   SH133 0   SH203 0   SH273 0   SH343 0   SH413 0   SH483 0   SH553 0
SH064 0   SH134 0   SH204 0   SH274 0   SH344 0   SH414 0   SH484 0   SH554 0
SH065 0   SH135 0   SH205 0   SH275 0   SH345 0   SH415 0   SH485 0   SH555 0
SH066 0   SH136 0   SH206 0   SH276 0   SH346 0   SH416 0   SH486 0   SH556 0
SH067 0   SH137 0   SH207 0   SH277 0   SH347 0   SH417 0   SH487 0   SH557 0
SH068 0   SH138 0   SH208 0   SH278 0   SH348 0   SH418 0   SH488 0
SH069 0   SH139 0   SH209 0   SH279 0   SH349 0   SH419 0   SH489 0
SH070 0   SH140 0   SH210 0   SH280 0   SH350 0   SH420 0   SH490 0
;

(c) The binding constraints are: 

(d) The slack for raw materials budget is: 

budgetRM.slack = 9968160

(e) The slack for max duration is: 

maxDuration.slack [*] :=
 1 19318.3   13 18946.1   25 19780.1   37 19500.5   49 17082.5   61 18316
 2 17671.8   14 19043.8   26 19831.1   38 19523.6   50 18368.3   62 17238.9
 3 18402.3   15 19026.8   27 19760.4   39 19696.7   51 19708.4   63 16914.2
 4 18625.8   16 19219.8   28 19866.1   40 19897.3   52 19241.9   64 16875.9
 5 17878.8   17 19069.5   29 19893.4   41 18159.1   53 19069.4   65 17102.9
 6 17835.4   18 19168.4   30 19975.5   42 16928.7   54 19108.8   66 17019.7
 7 18382.9   19 19197.4   31 19856.3   43 16711.4   55 18957.3   67 17257.3
 8 18502.7   20 19634     32 19507.6   44 16293.1   56 19320.9   68 16539
 9 17783.7   21 20005.9   33 19575.3   45 17888.6   57 19363.4   69 17174.4
10 18979.8   22 19945.4   34 19568.6   46 16475.1   58 19283     70 17530.8
11 19513.8   23 19898.4   35 19439.3   47 17989.8   59 19379     71 17829.8
12 19195.3   24 19865.9   36 19533.2   48 16467.5   60 19597.3   72 17918.2
;

(a) Optimal objective value: -3024698.37

(b) Optimal x values: 

x [*] :=
SH001 0   SH071 0   SH141 0   SH211 0   SH281 0   SH351 0   SH421 0   SH491 0
SH002 0   SH072 0   SH142 0   SH212 0   SH282 0   SH352 0   SH422 0   SH492 0
SH003 0   SH073 0   SH143 0   SH213 0   SH283 0   SH353 0   SH423 0   SH493 0
SH004 0   SH074 0   SH144 0   SH214 0   SH284 0   SH354 0   SH424 0   SH494 0
SH005 0   SH075 0   SH145 0   SH215 0   SH285 0   SH355 0   SH425 0   SH495 0
SH006 0   SH076 0   SH146 0   SH216 0   SH286 0   SH356 0   SH426 0   SH496 0
SH007 0   SH077 0   SH147 0   SH217 0   SH287 0   SH357 0   SH427 0   SH497 0
SH008 0   SH078 0   SH148 0   SH218 0   SH288 0   SH358 0   SH428 0   SH498 0
SH009 0   SH079 0   SH149 0   SH219 0   SH289 0   SH359 0   SH429 0   SH499 0
SH010 0   SH080 0   SH150 0   SH220 0   SH290 0   SH360 0   SH430 0   SH500 0
SH011 0   SH081 0   SH151 0   SH221 0   SH291 0   SH361 0   SH431 0   SH501 0
SH012 0   SH082 0   SH152 0   SH222 0   SH292 0   SH362 0   SH432 0   SH502 0
SH013 0   SH083 0   SH153 0   SH223 0   SH293 0   SH363 0   SH433 0   SH503 0
SH014 0   SH084 0   SH154 0   SH224 0   SH294 0   SH364 0   SH434 0   SH504 0
SH015 0   SH085 0   SH155 0   SH225 0   SH295 0   SH365 0   SH435 0   SH505 0
SH016 0   SH086 0   SH156 0   SH226 0   SH296 0   SH366 0   SH436 0   SH506 0
SH017 0   SH087 0   SH157 0   SH227 0   SH297 0   SH367 0   SH437 0   SH507 0
SH018 0   SH088 0   SH158 0   SH228 0   SH298 0   SH368 0   SH438 0   SH508 0
SH019 0   SH089 0   SH159 0   SH229 0   SH299 0   SH369 0   SH439 0   SH509 0
SH020 0   SH090 0   SH160 0   SH230 0   SH300 0   SH370 0   SH440 0   SH510 0
SH021 0   SH091 0   SH161 0   SH231 0   SH301 0   SH371 0   SH441 0   SH511 0
SH022 0   SH092 0   SH162 0   SH232 0   SH302 0   SH372 0   SH442 0   SH512 0
SH023 0   SH093 0   SH163 0   SH233 0   SH303 0   SH373 0   SH443 0   SH513 0
SH024 0   SH094 0   SH164 0   SH234 0   SH304 0   SH374 0   SH444 0   SH514 0
SH025 0   SH095 0   SH165 0   SH235 0   SH305 0   SH375 0   SH445 0   SH515 0
SH026 0   SH096 0   SH166 0   SH236 0   SH306 0   SH376 0   SH446 0   SH516 0
SH027 0   SH097 0   SH167 0   SH237 0   SH307 0   SH377 0   SH447 0   SH517 0
SH028 0   SH098 0   SH168 0   SH238 0   SH308 0   SH378 0   SH448 0   SH518 0
SH029 0   SH099 0   SH169 0   SH239 0   SH309 0   SH379 0   SH449 0   SH519 0
SH030 0   SH100 0   SH170 0   SH240 0   SH310 0   SH380 0   SH450 0   SH520 0
SH031 0   SH101 0   SH171 0   SH241 0   SH311 0   SH381 0   SH451 0   SH521 0
SH032 0   SH102 0   SH172 0   SH242 0   SH312 0   SH382 0   SH452 0   SH522 0
SH033 0   SH103 0   SH173 0   SH243 0   SH313 0   SH383 0   SH453 0   SH523 0
SH034 0   SH104 0   SH174 0   SH244 0   SH314 0   SH384 0   SH454 0   SH524 0
SH035 0   SH105 0   SH175 0   SH245 0   SH315 0   SH385 0   SH455 0   SH525 0
SH036 0   SH106 0   SH176 0   SH246 0   SH316 0   SH386 0   SH456 0   SH526 0
SH037 0   SH107 0   SH177 0   SH247 0   SH317 0   SH387 0   SH457 0   SH527 0
SH038 0   SH108 0   SH178 0   SH248 0   SH318 0   SH388 0   SH458 0   SH528 0
SH039 0   SH109 0   SH179 0   SH249 0   SH319 0   SH389 0   SH459 0   SH529 0
SH040 0   SH110 0   SH180 0   SH250 0   SH320 0   SH390 0   SH460 0   SH530 0
SH041 0   SH111 0   SH181 0   SH251 0   SH321 0   SH391 0   SH461 0   SH531 0
SH042 0   SH112 0   SH182 0   SH252 0   SH322 0   SH392 0   SH462 0   SH532 0
SH043 0   SH113 0   SH183 0   SH253 0   SH323 0   SH393 0   SH463 0   SH533 0
SH044 0   SH114 0   SH184 0   SH254 0   SH324 0   SH394 0   SH464 0   SH534 0
SH045 0   SH115 0   SH185 0   SH255 0   SH325 0   SH395 0   SH465 0   SH535 0
SH046 0   SH116 0   SH186 0   SH256 0   SH326 0   SH396 0   SH466 0   SH536 0
SH047 0   SH117 0   SH187 0   SH257 0   SH327 0   SH397 0   SH467 0   SH537 0
SH048 0   SH118 0   SH188 0   SH258 0   SH328 0   SH398 0   SH468 0   SH538 0
SH049 0   SH119 0   SH189 0   SH259 0   SH329 0   SH399 0   SH469 0   SH539 0
SH050 0   SH120 0   SH190 0   SH260 0   SH330 0   SH400 0   SH470 0   SH540 0
SH051 0   SH121 0   SH191 0   SH261 0   SH331 0   SH401 0   SH471 0   SH541 0
SH052 0   SH122 0   SH192 0   SH262 0   SH332 0   SH402 0   SH472 0   SH542 0
SH053 0   SH123 0   SH193 0   SH263 0   SH333 0   SH403 0   SH473 0   SH543 0
SH054 0   SH124 0   SH194 0   SH264 0   SH334 0   SH404 0   SH474 0   SH544 0
SH055 0   SH125 0   SH195 0   SH265 0   SH335 0   SH405 0   SH475 0   SH545 0
SH056 0   SH126 0   SH196 0   SH266 0   SH336 0   SH406 0   SH476 0   SH546 0
SH057 0   SH127 0   SH197 0   SH267 0   SH337 0   SH407 0   SH477 0   SH547 0
SH058 0   SH128 0   SH198 0   SH268 0   SH338 0   SH408 0   SH478 0   SH548 0
SH059 0   SH129 0   SH199 0   SH269 0   SH339 0   SH409 0   SH479 0   SH549 0
SH060 0   SH130 0   SH200 0   SH270 0   SH340 0   SH410 0   SH480 0   SH550 0
SH061 0   SH131 0   SH201 0   SH271 0   SH341 0   SH411 0   SH481 0   SH551 0
SH062 0   SH132 0   SH202 0   SH272 0   SH342 0   SH412 0   SH482 0   SH552 0
SH063 0   SH133 0   SH203 0   SH273 0   SH343 0   SH413 0   SH483 0   SH553 0
SH064 0   SH134 0   SH204 0   SH274 0   SH344 0   SH414 0   SH484 0   SH554 0
SH065 0   SH135 0   SH205 0   SH275 0   SH345 0   SH415 0   SH485 0   SH555 0
SH066 0   SH136 0   SH206 0   SH276 0   SH346 0   SH416 0   SH486 0   SH556 0
SH067 0   SH137 0   SH207 0   SH277 0   SH347 0   SH417 0   SH487 0   SH557 0
SH068 0   SH138 0   SH208 0   SH278 0   SH348 0   SH418 0   SH488 0
SH069 0   SH139 0   SH209 0   SH279 0   SH349 0   SH419 0   SH489 0
SH070 0   SH140 0   SH210 0   SH280 0   SH350 0   SH420 0   SH490 0
;

(c) The binding constraints are: 

(d) The slack for raw materials budget is: 

budgetRM.slack = 9968160

(e) The slack for max duration is: 

maxDuration.slack [*] :=
 1 19318.3   13 18946.1   25 19780.1   37 19500.5   49 17082.5   61 18316
 2 17671.8   14 19043.8   26 19831.1   38 19523.6   50 18368.3   62 17238.9
 3 18402.3   15 19026.8   27 19760.4   39 19696.7   51 19708.4   63 16914.2
 4 18625.8   16 19219.8   28 19866.1   40 19897.3   52 19241.9   64 16875.9
 5 17878.8   17 19069.5   29 19893.4   41 18159.1   53 19069.4   65 17102.9
 6 17835.4   18 19168.4   30 19975.5   42 16928.7   54 19108.8   66 17019.7
 7 18382.9   19 19197.4   31 19856.3   43 16711.4   55 18957.3   67 17257.3
 8 18502.7   20 19634     32 19507.6   44 16293.1   56 19320.9   68 16539
 9 17783.7   21 20005.9   33 19575.3   45 17888.6   57 19363.4   69 17174.4
10 18979.8   22 19945.4   34 19568.6   46 16475.1   58 19283     70 17530.8
11 19513.8   23 19898.4   35 19439.3   47 17989.8   59 19379     71 17829.8
12 19195.3   24 19865.9   36 19533.2   48 16467.5   60 19597.3   72 17918.2
;

(a) Optimal objective value: -3024698.37

(b) Optimal x values: 

x [*] :=
SH001 0   SH071 0   SH141 0   SH211 0   SH281 0   SH351 0   SH421 0   SH491 0
SH002 0   SH072 0   SH142 0   SH212 0   SH282 0   SH352 0   SH422 0   SH492 0
SH003 0   SH073 0   SH143 0   SH213 0   SH283 0   SH353 0   SH423 0   SH493 0
SH004 0   SH074 0   SH144 0   SH214 0   SH284 0   SH354 0   SH424 0   SH494 0
SH005 0   SH075 0   SH145 0   SH215 0   SH285 0   SH355 0   SH425 0   SH495 0
SH006 0   SH076 0   SH146 0   SH216 0   SH286 0   SH356 0   SH426 0   SH496 0
SH007 0   SH077 0   SH147 0   SH217 0   SH287 0   SH357 0   SH427 0   SH497 0
SH008 0   SH078 0   SH148 0   SH218 0   SH288 0   SH358 0   SH428 0   SH498 0
SH009 0   SH079 0   SH149 0   SH219 0   SH289 0   SH359 0   SH429 0   SH499 0
SH010 0   SH080 0   SH150 0   SH220 0   SH290 0   SH360 0   SH430 0   SH500 0
SH011 0   SH081 0   SH151 0   SH221 0   SH291 0   SH361 0   SH431 0   SH501 0
SH012 0   SH082 0   SH152 0   SH222 0   SH292 0   SH362 0   SH432 0   SH502 0
SH013 0   SH083 0   SH153 0   SH223 0   SH293 0   SH363 0   SH433 0   SH503 0
SH014 0   SH084 0   SH154 0   SH224 0   SH294 0   SH364 0   SH434 0   SH504 0
SH015 0   SH085 0   SH155 0   SH225 0   SH295 0   SH365 0   SH435 0   SH505 0
SH016 0   SH086 0   SH156 0   SH226 0   SH296 0   SH366 0   SH436 0   SH506 0
SH017 0   SH087 0   SH157 0   SH227 0   SH297 0   SH367 0   SH437 0   SH507 0
SH018 0   SH088 0   SH158 0   SH228 0   SH298 0   SH368 0   SH438 0   SH508 0
SH019 0   SH089 0   SH159 0   SH229 0   SH299 0   SH369 0   SH439 0   SH509 0
SH020 0   SH090 0   SH160 0   SH230 0   SH300 0   SH370 0   SH440 0   SH510 0
SH021 0   SH091 0   SH161 0   SH231 0   SH301 0   SH371 0   SH441 0   SH511 0
SH022 0   SH092 0   SH162 0   SH232 0   SH302 0   SH372 0   SH442 0   SH512 0
SH023 0   SH093 0   SH163 0   SH233 0   SH303 0   SH373 0   SH443 0   SH513 0
SH024 0   SH094 0   SH164 0   SH234 0   SH304 0   SH374 0   SH444 0   SH514 0
SH025 0   SH095 0   SH165 0   SH235 0   SH305 0   SH375 0   SH445 0   SH515 0
SH026 0   SH096 0   SH166 0   SH236 0   SH306 0   SH376 0   SH446 0   SH516 0
SH027 0   SH097 0   SH167 0   SH237 0   SH307 0   SH377 0   SH447 0   SH517 0
SH028 0   SH098 0   SH168 0   SH238 0   SH308 0   SH378 0   SH448 0   SH518 0
SH029 0   SH099 0   SH169 0   SH239 0   SH309 0   SH379 0   SH449 0   SH519 0
SH030 0   SH100 0   SH170 0   SH240 0   SH310 0   SH380 0   SH450 0   SH520 0
SH031 0   SH101 0   SH171 0   SH241 0   SH311 0   SH381 0   SH451 0   SH521 0
SH032 0   SH102 0   SH172 0   SH242 0   SH312 0   SH382 0   SH452 0   SH522 0
SH033 0   SH103 0   SH173 0   SH243 0   SH313 0   SH383 0   SH453 0   SH523 0
SH034 0   SH104 0   SH174 0   SH244 0   SH314 0   SH384 0   SH454 0   SH524 0
SH035 0   SH105 0   SH175 0   SH245 0   SH315 0   SH385 0   SH455 0   SH525 0
SH036 0   SH106 0   SH176 0   SH246 0   SH316 0   SH386 0   SH456 0   SH526 0
SH037 0   SH107 0   SH177 0   SH247 0   SH317 0   SH387 0   SH457 0   SH527 0
SH038 0   SH108 0   SH178 0   SH248 0   SH318 0   SH388 0   SH458 0   SH528 0
SH039 0   SH109 0   SH179 0   SH249 0   SH319 0   SH389 0   SH459 0   SH529 0
SH040 0   SH110 0   SH180 0   SH250 0   SH320 0   SH390 0   SH460 0   SH530 0
SH041 0   SH111 0   SH181 0   SH251 0   SH321 0   SH391 0   SH461 0   SH531 0
SH042 0   SH112 0   SH182 0   SH252 0   SH322 0   SH392 0   SH462 0   SH532 0
SH043 0   SH113 0   SH183 0   SH253 0   SH323 0   SH393 0   SH463 0   SH533 0
SH044 0   SH114 0   SH184 0   SH254 0   SH324 0   SH394 0   SH464 0   SH534 0
SH045 0   SH115 0   SH185 0   SH255 0   SH325 0   SH395 0   SH465 0   SH535 0
SH046 0   SH116 0   SH186 0   SH256 0   SH326 0   SH396 0   SH466 0   SH536 0
SH047 0   SH117 0   SH187 0   SH257 0   SH327 0   SH397 0   SH467 0   SH537 0
SH048 0   SH118 0   SH188 0   SH258 0   SH328 0   SH398 0   SH468 0   SH538 0
SH049 0   SH119 0   SH189 0   SH259 0   SH329 0   SH399 0   SH469 0   SH539 0
SH050 0   SH120 0   SH190 0   SH260 0   SH330 0   SH400 0   SH470 0   SH540 0
SH051 0   SH121 0   SH191 0   SH261 0   SH331 0   SH401 0   SH471 0   SH541 0
SH052 0   SH122 0   SH192 0   SH262 0   SH332 0   SH402 0   SH472 0   SH542 0
SH053 0   SH123 0   SH193 0   SH263 0   SH333 0   SH403 0   SH473 0   SH543 0
SH054 0   SH124 0   SH194 0   SH264 0   SH334 0   SH404 0   SH474 0   SH544 0
SH055 0   SH125 0   SH195 0   SH265 0   SH335 0   SH405 0   SH475 0   SH545 0
SH056 0   SH126 0   SH196 0   SH266 0   SH336 0   SH406 0   SH476 0   SH546 0
SH057 0   SH127 0   SH197 0   SH267 0   SH337 0   SH407 0   SH477 0   SH547 0
SH058 0   SH128 0   SH198 0   SH268 0   SH338 0   SH408 0   SH478 0   SH548 0
SH059 0   SH129 0   SH199 0   SH269 0   SH339 0   SH409 0   SH479 0   SH549 0
SH060 0   SH130 0   SH200 0   SH270 0   SH340 0   SH410 0   SH480 0   SH550 0
SH061 0   SH131 0   SH201 0   SH271 0   SH341 0   SH411 0   SH481 0   SH551 0
SH062 0   SH132 0   SH202 0   SH272 0   SH342 0   SH412 0   SH482 0   SH552 0
SH063 0   SH133 0   SH203 0   SH273 0   SH343 0   SH413 0   SH483 0   SH553 0
SH064 0   SH134 0   SH204 0   SH274 0   SH344 0   SH414 0   SH484 0   SH554 0
SH065 0   SH135 0   SH205 0   SH275 0   SH345 0   SH415 0   SH485 0   SH555 0
SH066 0   SH136 0   SH206 0   SH276 0   SH346 0   SH416 0   SH486 0   SH556 0
SH067 0   SH137 0   SH207 0   SH277 0   SH347 0   SH417 0   SH487 0   SH557 0
SH068 0   SH138 0   SH208 0   SH278 0   SH348 0   SH418 0   SH488 0
SH069 0   SH139 0   SH209 0   SH279 0   SH349 0   SH419 0   SH489 0
SH070 0   SH140 0   SH210 0   SH280 0   SH350 0   SH420 0   SH490 0
;

(c) The binding constraints are: 

(d) The slack for raw materials budget is: 

budgetRM.slack = 9968160

(e) The slack for max duration is: 

maxDuration.slack [*] :=
 1 19318.3   13 18946.1   25 19780.1   37 19500.5   49 17082.5   61 18316
 2 17671.8   14 19043.8   26 19831.1   38 19523.6   50 18368.3   62 17238.9
 3 18402.3   15 19026.8   27 19760.4   39 19696.7   51 19708.4   63 16914.2
 4 18625.8   16 19219.8   28 19866.1   40 19897.3   52 19241.9   64 16875.9
 5 17878.8   17 19069.5   29 19893.4   41 18159.1   53 19069.4   65 17102.9
 6 17835.4   18 19168.4   30 19975.5   42 16928.7   54 19108.8   66 17019.7
 7 18382.9   19 19197.4   31 19856.3   43 16711.4   55 18957.3   67 17257.3
 8 18502.7   20 19634     32 19507.6   44 16293.1   56 19320.9   68 16539
 9 17783.7   21 20005.9   33 19575.3   45 17888.6   57 19363.4   69 17174.4
10 18979.8   22 19945.4   34 19568.6   46 16475.1   58 19283     70 17530.8
11 19513.8   23 19898.4   35 19439.3   47 17989.8   59 19379     71 17829.8
12 19195.3   24 19865.9   36 19533.2   48 16467.5   60 19597.3   72 17918.2
;

(a) Optimal objective value: -3024698.37

(b) Optimal x values: 

x [*] :=
SH001 0   SH071 0   SH141 0   SH211 0   SH281 0   SH351 0   SH421 0   SH491 0
SH002 0   SH072 0   SH142 0   SH212 0   SH282 0   SH352 0   SH422 0   SH492 0
SH003 0   SH073 0   SH143 0   SH213 0   SH283 0   SH353 0   SH423 0   SH493 0
SH004 0   SH074 0   SH144 0   SH214 0   SH284 0   SH354 0   SH424 0   SH494 0
SH005 0   SH075 0   SH145 0   SH215 0   SH285 0   SH355 0   SH425 0   SH495 0
SH006 0   SH076 0   SH146 0   SH216 0   SH286 0   SH356 0   SH426 0   SH496 0
SH007 0   SH077 0   SH147 0   SH217 0   SH287 0   SH357 0   SH427 0   SH497 0
SH008 0   SH078 0   SH148 0   SH218 0   SH288 0   SH358 0   SH428 0   SH498 0
SH009 0   SH079 0   SH149 0   SH219 0   SH289 0   SH359 0   SH429 0   SH499 0
SH010 0   SH080 0   SH150 0   SH220 0   SH290 0   SH360 0   SH430 0   SH500 0
SH011 0   SH081 0   SH151 0   SH221 0   SH291 0   SH361 0   SH431 0   SH501 0
SH012 0   SH082 0   SH152 0   SH222 0   SH292 0   SH362 0   SH432 0   SH502 0
SH013 0   SH083 0   SH153 0   SH223 0   SH293 0   SH363 0   SH433 0   SH503 0
SH014 0   SH084 0   SH154 0   SH224 0   SH294 0   SH364 0   SH434 0   SH504 0
SH015 0   SH085 0   SH155 0   SH225 0   SH295 0   SH365 0   SH435 0   SH505 0
SH016 0   SH086 0   SH156 0   SH226 0   SH296 0   SH366 0   SH436 0   SH506 0
SH017 0   SH087 0   SH157 0   SH227 0   SH297 0   SH367 0   SH437 0   SH507 0
SH018 0   SH088 0   SH158 0   SH228 0   SH298 0   SH368 0   SH438 0   SH508 0
SH019 0   SH089 0   SH159 0   SH229 0   SH299 0   SH369 0   SH439 0   SH509 0
SH020 0   SH090 0   SH160 0   SH230 0   SH300 0   SH370 0   SH440 0   SH510 0
SH021 0   SH091 0   SH161 0   SH231 0   SH301 0   SH371 0   SH441 0   SH511 0
SH022 0   SH092 0   SH162 0   SH232 0   SH302 0   SH372 0   SH442 0   SH512 0
SH023 0   SH093 0   SH163 0   SH233 0   SH303 0   SH373 0   SH443 0   SH513 0
SH024 0   SH094 0   SH164 0   SH234 0   SH304 0   SH374 0   SH444 0   SH514 0
SH025 0   SH095 0   SH165 0   SH235 0   SH305 0   SH375 0   SH445 0   SH515 0
SH026 0   SH096 0   SH166 0   SH236 0   SH306 0   SH376 0   SH446 0   SH516 0
SH027 0   SH097 0   SH167 0   SH237 0   SH307 0   SH377 0   SH447 0   SH517 0
SH028 0   SH098 0   SH168 0   SH238 0   SH308 0   SH378 0   SH448 0   SH518 0
SH029 0   SH099 0   SH169 0   SH239 0   SH309 0   SH379 0   SH449 0   SH519 0
SH030 0   SH100 0   SH170 0   SH240 0   SH310 0   SH380 0   SH450 0   SH520 0
SH031 0   SH101 0   SH171 0   SH241 0   SH311 0   SH381 0   SH451 0   SH521 0
SH032 0   SH102 0   SH172 0   SH242 0   SH312 0   SH382 0   SH452 0   SH522 0
SH033 0   SH103 0   SH173 0   SH243 0   SH313 0   SH383 0   SH453 0   SH523 0
SH034 0   SH104 0   SH174 0   SH244 0   SH314 0   SH384 0   SH454 0   SH524 0
SH035 0   SH105 0   SH175 0   SH245 0   SH315 0   SH385 0   SH455 0   SH525 0
SH036 0   SH106 0   SH176 0   SH246 0   SH316 0   SH386 0   SH456 0   SH526 0
SH037 0   SH107 0   SH177 0   SH247 0   SH317 0   SH387 0   SH457 0   SH527 0
SH038 0   SH108 0   SH178 0   SH248 0   SH318 0   SH388 0   SH458 0   SH528 0
SH039 0   SH109 0   SH179 0   SH249 0   SH319 0   SH389 0   SH459 0   SH529 0
SH040 0   SH110 0   SH180 0   SH250 0   SH320 0   SH390 0   SH460 0   SH530 0
SH041 0   SH111 0   SH181 0   SH251 0   SH321 0   SH391 0   SH461 0   SH531 0
SH042 0   SH112 0   SH182 0   SH252 0   SH322 0   SH392 0   SH462 0   SH532 0
SH043 0   SH113 0   SH183 0   SH253 0   SH323 0   SH393 0   SH463 0   SH533 0
SH044 0   SH114 0   SH184 0   SH254 0   SH324 0   SH394 0   SH464 0   SH534 0
SH045 0   SH115 0   SH185 0   SH255 0   SH325 0   SH395 0   SH465 0   SH535 0
SH046 0   SH116 0   SH186 0   SH256 0   SH326 0   SH396 0   SH466 0   SH536 0
SH047 0   SH117 0   SH187 0   SH257 0   SH327 0   SH397 0   SH467 0   SH537 0
SH048 0   SH118 0   SH188 0   SH258 0   SH328 0   SH398 0   SH468 0   SH538 0
SH049 0   SH119 0   SH189 0   SH259 0   SH329 0   SH399 0   SH469 0   SH539 0
SH050 0   SH120 0   SH190 0   SH260 0   SH330 0   SH400 0   SH470 0   SH540 0
SH051 0   SH121 0   SH191 0   SH261 0   SH331 0   SH401 0   SH471 0   SH541 0
SH052 0   SH122 0   SH192 0   SH262 0   SH332 0   SH402 0   SH472 0   SH542 0
SH053 0   SH123 0   SH193 0   SH263 0   SH333 0   SH403 0   SH473 0   SH543 0
SH054 0   SH124 0   SH194 0   SH264 0   SH334 0   SH404 0   SH474 0   SH544 0
SH055 0   SH125 0   SH195 0   SH265 0   SH335 0   SH405 0   SH475 0   SH545 0
SH056 0   SH126 0   SH196 0   SH266 0   SH336 0   SH406 0   SH476 0   SH546 0
SH057 0   SH127 0   SH197 0   SH267 0   SH337 0   SH407 0   SH477 0   SH547 0
SH058 0   SH128 0   SH198 0   SH268 0   SH338 0   SH408 0   SH478 0   SH548 0
SH059 0   SH129 0   SH199 0   SH269 0   SH339 0   SH409 0   SH479 0   SH549 0
SH060 0   SH130 0   SH200 0   SH270 0   SH340 0   SH410 0   SH480 0   SH550 0
SH061 0   SH131 0   SH201 0   SH271 0   SH341 0   SH411 0   SH481 0   SH551 0
SH062 0   SH132 0   SH202 0   SH272 0   SH342 0   SH412 0   SH482 0   SH552 0
SH063 0   SH133 0   SH203 0   SH273 0   SH343 0   SH413 0   SH483 0   SH553 0
SH064 0   SH134 0   SH204 0   SH274 0   SH344 0   SH414 0   SH484 0   SH554 0
SH065 0   SH135 0   SH205 0   SH275 0   SH345 0   SH415 0   SH485 0   SH555 0
SH066 0   SH136 0   SH206 0   SH276 0   SH346 0   SH416 0   SH486 0   SH556 0
SH067 0   SH137 0   SH207 0   SH277 0   SH347 0   SH417 0   SH487 0   SH557 0
SH068 0   SH138 0   SH208 0   SH278 0   SH348 0   SH418 0   SH488 0
SH069 0   SH139 0   SH209 0   SH279 0   SH349 0   SH419 0   SH489 0
SH070 0   SH140 0   SH210 0   SH280 0   SH350 0   SH420 0   SH490 0
;

(c) The binding constraints are: 

(d) The slack for raw materials budget is: 

budgetRM.slack = 9968160

(e) The slack for max duration is: 

maxDuration.slack [*] :=
 1 19318.3   13 18946.1   25 19780.1   37 19500.5   49 17082.5   61 18316
 2 17671.8   14 19043.8   26 19831.1   38 19523.6   50 18368.3   62 17238.9
 3 18402.3   15 19026.8   27 19760.4   39 19696.7   51 19708.4   63 16914.2
 4 18625.8   16 19219.8   28 19866.1   40 19897.3   52 19241.9   64 16875.9
 5 17878.8   17 19069.5   29 19893.4   41 18159.1   53 19069.4   65 17102.9
 6 17835.4   18 19168.4   30 19975.5   42 16928.7   54 19108.8   66 17019.7
 7 18382.9   19 19197.4   31 19856.3   43 16711.4   55 18957.3   67 17257.3
 8 18502.7   20 19634     32 19507.6   44 16293.1   56 19320.9   68 16539
 9 17783.7   21 20005.9   33 19575.3   45 17888.6   57 19363.4   69 17174.4
10 18979.8   22 19945.4   34 19568.6   46 16475.1   58 19283     70 17530.8
11 19513.8   23 19898.4   35 19439.3   47 17989.8   59 19379     71 17829.8
12 19195.3   24 19865.9   36 19533.2   48 16467.5   60 19597.3   72 17918.2
;

